<?xml version="1.0" encoding="UTF-8"?>
<testsuite xmlns:xsi="http://www.w3.org/2001/XMLSchema-instance" xsi:noNamespaceSchemaLocation="https://maven.apache.org/surefire/maven-surefire-plugin/xsd/surefire-test-report-3.0.xsd" version="3.0" name="com.epam.training.ticketservice.core.movie.MovieServiceTest" time="0.153" tests="5" errors="0" skipped="0" failures="0">
  <properties>
[...]
</properties>
  <testcase name="deleteMovie" classname="com.epam.training.ticketservice.core.movie.MovieServiceTest" time="0.077"/>
  <testcase name="updateMovie" classname="com.epam.training.ticketservice.core.movie.MovieServiceTest" time="0.003"/>
  <testcase name="createMovie" classname="com.epam.training.ticketservice.core.movie.MovieServiceTest" time="0.002"/>
  <testcase name="getMovieList" classname="com.epam.training.ticketservice.core.movie.MovieServiceTest" time="0.001"/>
  <testcase name="getMovieByName" classname="com.epam.training.ticketservice.core.movie.MovieServiceTest" time="0.002"/>
</testsuite>