-------------------------------------------------------------------------------
Test set: com.training.epam.ticketservice.at.TestExecutor
-------------------------------------------------------------------------------
Tests run: 17, Failures: 2, Errors: 1, Skipped: 0, Time elapsed: 586.829 sec <<< FAILURE!
an admin user can delete a movie(allows creating movie descriptions)  Time elapsed: 264.05 sec  <<< ERROR!
java.util.concurrent.TimeoutException
	at java.base/java.util.concurrent.FutureTask.get(FutureTask.java:204)
	at com.google.common.util.concurrent.SimpleTimeLimiter.callWithTimeout(SimpleTimeLimiter.java:155)
	at com.training.epam.ticketservice.at.ProcessUnderTest.runWithTimeout(ProcessUnderTest.java:87)
	at com.training.epam.ticketservice.at.ProcessUnderTest.readNextLine(ProcessUnderTest.java:47)
	at com.training.epam.ticketservice.at.GenericCliProcessStepDefs.theNextLineOfOutputContains(GenericCliProcessStepDefs.java:42)
	at ✽.the next line of the output is "There are no movies at the moment"(file:///D:/epam-deik-java-dev/final/ticket-service-acceptance-tests/src/test/resources/features/movies.feature:27)

The admin can not create overlapping screenings in the same room(allows creating, deleting and listing screenings)  Time elapsed: 26.596 sec  <<< FAILURE!
java.lang.AssertionError: 
Expected: "There is an overlapping screening"
     but: was "[31mThere is an overlapping screening[0m"
	at org.hamcrest.MatcherAssert.assertThat(MatcherAssert.java:20)
	at org.hamcrest.MatcherAssert.assertThat(MatcherAssert.java:8)
	at com.training.epam.ticketservice.at.GenericCliProcessStepDefs.theNextLineOfOutputContains(GenericCliProcessStepDefs.java:43)
	at ✽.the next line of the output is "There is an overlapping screening"(file:///D:/epam-deik-java-dev/final/ticket-service-acceptance-tests/src/test/resources/features/screenings.feature:26)

The admin can not create screenings during a 10 minute long breaks after another screening in the same room(allows creating, deleting and listing screenings)  Time elapsed: 26.571 sec  <<< FAILURE!
java.lang.AssertionError: 
Expected: "This would start in the break period after another screening in this room"
     but: was "[31mThis would start in the break period after another screening in this room[0m"
	at org.hamcrest.MatcherAssert.assertThat(MatcherAssert.java:20)
	at org.hamcrest.MatcherAssert.assertThat(MatcherAssert.java:8)
	at com.training.epam.ticketservice.at.GenericCliProcessStepDefs.theNextLineOfOutputContains(GenericCliProcessStepDefs.java:43)
	at ✽.the next line of the output is "This would start in the break period after another screening in this room"(file:///D:/epam-deik-java-dev/final/ticket-service-acceptance-tests/src/test/resources/features/screenings.feature:44)

